>> Writing PID to ./tmp/thin.pid
>> Thin web server (v1.5.1 codename Straight Razor)
>> Maximum connections set to 1024
>> Listening on 0.0.0.0:8080, CTRL+C to stop
Errno::ENOENT - No such file or directory - /home/user/rb_stud/glpi_test_app/config/views/new.erb:
	/home/user/.rvm/gems/ruby-2.0.0-p195/gems/tilt-1.4.1/lib/tilt/template.rb:91:in `initialize'
	/home/user/.rvm/gems/ruby-2.0.0-p195/gems/tilt-1.4.1/lib/tilt/template.rb:91:in `open'
	/home/user/.rvm/gems/ruby-2.0.0-p195/gems/tilt-1.4.1/lib/tilt/template.rb:91:in `read_template_file'
	/home/user/.rvm/gems/ruby-2.0.0-p195/gems/tilt-1.4.1/lib/tilt/template.rb:68:in `block in initialize'
	/home/user/.rvm/gems/ruby-2.0.0-p195/gems/tilt-1.4.1/lib/tilt/template.rb:69:in `call'
	/home/user/.rvm/gems/ruby-2.0.0-p195/gems/tilt-1.4.1/lib/tilt/template.rb:69:in `initialize'
	/home/user/.rvm/gems/ruby-2.0.0-p195/gems/sinatra-1.4.2/lib/sinatra/base.rb:833:in `new'
	/home/user/.rvm/gems/ruby-2.0.0-p195/gems/sinatra-1.4.2/lib/sinatra/base.rb:833:in `block in compile_template'
	/home/user/.rvm/gems/ruby-2.0.0-p195/gems/tilt-1.4.1/lib/tilt.rb:127:in `fetch'
	/home/user/.rvm/gems/ruby-2.0.0-p195/gems/sinatra-1.4.2/lib/sinatra/base.rb:812:in `compile_template'
	/home/user/.rvm/gems/ruby-2.0.0-p195/gems/sinatra-1.4.2/lib/sinatra/base.rb:793:in `render'
	/home/user/.rvm/gems/ruby-2.0.0-p195/gems/sinatra-1.4.2/lib/sinatra/base.rb:654:in `erb'
	/home/user/rb_stud/glpi_test_app/test.rb:172:in `block in <top (required)>'
	/home/user/.rvm/gems/ruby-2.0.0-p195/gems/sinatra-1.4.2/lib/sinatra/base.rb:1415:in `call'
	/home/user/.rvm/gems/ruby-2.0.0-p195/gems/sinatra-1.4.2/lib/sinatra/base.rb:1415:in `block in compile!'
	/home/user/.rvm/gems/ruby-2.0.0-p195/gems/sinatra-1.4.2/lib/sinatra/base.rb:944:in `[]'
	/home/user/.rvm/gems/ruby-2.0.0-p195/gems/sinatra-1.4.2/lib/sinatra/base.rb:944:in `block (3 levels) in route!'
	/home/user/.rvm/gems/ruby-2.0.0-p195/gems/sinatra-1.4.2/lib/sinatra/base.rb:960:in `route_eval'
	/home/user/.rvm/gems/ruby-2.0.0-p195/gems/sinatra-1.4.2/lib/sinatra/base.rb:944:in `block (2 levels) in route!'
	/home/user/.rvm/gems/ruby-2.0.0-p195/gems/sinatra-1.4.2/lib/sinatra/base.rb:981:in `block in process_route'
	/home/user/.rvm/gems/ruby-2.0.0-p195/gems/sinatra-1.4.2/lib/sinatra/base.rb:979:in `catch'
	/home/user/.rvm/gems/ruby-2.0.0-p195/gems/sinatra-1.4.2/lib/sinatra/base.rb:979:in `process_route'
	/home/user/.rvm/gems/ruby-2.0.0-p195/gems/sinatra-1.4.2/lib/sinatra/base.rb:943:in `block in route!'
	/home/user/.rvm/gems/ruby-2.0.0-p195/gems/sinatra-1.4.2/lib/sinatra/base.rb:942:in `each'
	/home/user/.rvm/gems/ruby-2.0.0-p195/gems/sinatra-1.4.2/lib/sinatra/base.rb:942:in `route!'
	/home/user/.rvm/gems/ruby-2.0.0-p195/gems/sinatra-1.4.2/lib/sinatra/base.rb:1053:in `block in dispatch!'
	/home/user/.rvm/gems/ruby-2.0.0-p195/gems/sinatra-1.4.2/lib/sinatra/base.rb:1035:in `block in invoke'
	/home/user/.rvm/gems/ruby-2.0.0-p195/gems/sinatra-1.4.2/lib/sinatra/base.rb:1035:in `catch'
	/home/user/.rvm/gems/ruby-2.0.0-p195/gems/sinatra-1.4.2/lib/sinatra/base.rb:1035:in `invoke'
	/home/user/.rvm/gems/ruby-2.0.0-p195/gems/sinatra-1.4.2/lib/sinatra/base.rb:1050:in `dispatch!'
	/home/user/.rvm/gems/ruby-2.0.0-p195/gems/sinatra-1.4.2/lib/sinatra/base.rb:878:in `block in call!'
	/home/user/.rvm/gems/ruby-2.0.0-p195/gems/sinatra-1.4.2/lib/sinatra/base.rb:1035:in `block in invoke'
	/home/user/.rvm/gems/ruby-2.0.0-p195/gems/sinatra-1.4.2/lib/sinatra/base.rb:1035:in `catch'
	/home/user/.rvm/gems/ruby-2.0.0-p195/gems/sinatra-1.4.2/lib/sinatra/base.rb:1035:in `invoke'
	/home/user/.rvm/gems/ruby-2.0.0-p195/gems/sinatra-1.4.2/lib/sinatra/base.rb:878:in `call!'
	/home/user/.rvm/gems/ruby-2.0.0-p195/gems/sinatra-1.4.2/lib/sinatra/base.rb:864:in `call'
	/home/user/.rvm/gems/ruby-2.0.0-p195/gems/rack-protection-1.5.0/lib/rack/protection/xss_header.rb:18:in `call'
	/home/user/.rvm/gems/ruby-2.0.0-p195/gems/rack-protection-1.5.0/lib/rack/protection/path_traversal.rb:16:in `call'
	/home/user/.rvm/gems/ruby-2.0.0-p195/gems/rack-protection-1.5.0/lib/rack/protection/json_csrf.rb:18:in `call'
	/home/user/.rvm/gems/ruby-2.0.0-p195/gems/rack-protection-1.5.0/lib/rack/protection/base.rb:49:in `call'
	/home/user/.rvm/gems/ruby-2.0.0-p195/gems/rack-protection-1.5.0/lib/rack/protection/base.rb:49:in `call'
	/home/user/.rvm/gems/ruby-2.0.0-p195/gems/rack-protection-1.5.0/lib/rack/protection/frame_options.rb:31:in `call'
	/home/user/.rvm/gems/ruby-2.0.0-p195/gems/rack-1.5.2/lib/rack/logger.rb:15:in `call'
	/home/user/.rvm/gems/ruby-2.0.0-p195/gems/rack-1.5.2/lib/rack/commonlogger.rb:33:in `call'
	/home/user/.rvm/gems/ruby-2.0.0-p195/gems/sinatra-1.4.2/lib/sinatra/base.rb:209:in `call'
	/home/user/.rvm/gems/ruby-2.0.0-p195/gems/sinatra-1.4.2/lib/sinatra/base.rb:202:in `call'
	/home/user/.rvm/gems/ruby-2.0.0-p195/gems/rack-1.5.2/lib/rack/head.rb:11:in `call'
	/home/user/.rvm/gems/ruby-2.0.0-p195/gems/rack-1.5.2/lib/rack/methodoverride.rb:21:in `call'
	/home/user/.rvm/gems/ruby-2.0.0-p195/gems/sinatra-1.4.2/lib/sinatra/base.rb:172:in `call'
	/home/user/.rvm/gems/ruby-2.0.0-p195/gems/sinatra-1.4.2/lib/sinatra/base.rb:1947:in `call'
	/home/user/.rvm/gems/ruby-2.0.0-p195/gems/sinatra-1.4.2/lib/sinatra/base.rb:1610:in `block in call'
	/home/user/.rvm/gems/ruby-2.0.0-p195/gems/sinatra-1.4.2/lib/sinatra/base.rb:1693:in `synchronize'
	/home/user/.rvm/gems/ruby-2.0.0-p195/gems/sinatra-1.4.2/lib/sinatra/base.rb:1610:in `call'
	/home/user/.rvm/gems/ruby-2.0.0-p195/gems/thin-1.5.1/lib/thin/connection.rb:81:in `block in pre_process'
	/home/user/.rvm/gems/ruby-2.0.0-p195/gems/thin-1.5.1/lib/thin/connection.rb:79:in `catch'
	/home/user/.rvm/gems/ruby-2.0.0-p195/gems/thin-1.5.1/lib/thin/connection.rb:79:in `pre_process'
	/home/user/.rvm/gems/ruby-2.0.0-p195/gems/thin-1.5.1/lib/thin/connection.rb:54:in `process'
	/home/user/.rvm/gems/ruby-2.0.0-p195/gems/thin-1.5.1/lib/thin/connection.rb:39:in `receive_data'
	/home/user/.rvm/gems/ruby-2.0.0-p195/gems/eventmachine-1.0.3/lib/eventmachine.rb:187:in `run_machine'
	/home/user/.rvm/gems/ruby-2.0.0-p195/gems/eventmachine-1.0.3/lib/eventmachine.rb:187:in `run'
	/home/user/.rvm/gems/ruby-2.0.0-p195/gems/thin-1.5.1/lib/thin/backends/base.rb:63:in `start'
	/home/user/.rvm/gems/ruby-2.0.0-p195/gems/thin-1.5.1/lib/thin/server.rb:159:in `start'
	/home/user/.rvm/gems/ruby-2.0.0-p195/gems/rack-1.5.2/lib/rack/handler/thin.rb:16:in `run'
	./config/config.ru:4:in `block in <main>'
	/home/user/.rvm/gems/ruby-2.0.0-p195/gems/rack-1.5.2/lib/rack/builder.rb:55:in `instance_eval'
	/home/user/.rvm/gems/ruby-2.0.0-p195/gems/rack-1.5.2/lib/rack/builder.rb:55:in `initialize'
	./config/config.ru:1:in `new'
	./config/config.ru:1:in `<main>'
	/home/user/.rvm/gems/ruby-2.0.0-p195/gems/thin-1.5.1/lib/rack/adapter/loader.rb:33:in `eval'
	/home/user/.rvm/gems/ruby-2.0.0-p195/gems/thin-1.5.1/lib/rack/adapter/loader.rb:33:in `load'
	/home/user/.rvm/gems/ruby-2.0.0-p195/gems/thin-1.5.1/lib/thin/controllers/controller.rb:181:in `load_rackup_config'
	/home/user/.rvm/gems/ruby-2.0.0-p195/gems/thin-1.5.1/lib/thin/controllers/controller.rb:71:in `start'
	/home/user/.rvm/gems/ruby-2.0.0-p195/gems/thin-1.5.1/lib/thin/runner.rb:187:in `run_command'
	/home/user/.rvm/gems/ruby-2.0.0-p195/gems/thin-1.5.1/lib/thin/runner.rb:152:in `run!'
	/home/user/.rvm/gems/ruby-2.0.0-p195/gems/thin-1.5.1/bin/thin:6:in `<top (required)>'
	/home/user/.rvm/gems/ruby-2.0.0-p195/bin/thin:23:in `load'
	/home/user/.rvm/gems/ruby-2.0.0-p195/bin/thin:23:in `<main>'
	/home/user/.rvm/gems/ruby-2.0.0-p195/bin/ruby_noexec_wrapper:14:in `eval'
	/home/user/.rvm/gems/ruby-2.0.0-p195/bin/ruby_noexec_wrapper:14:in `<main>'
192.168.122.1 - - [14/Jun/2013 12:25:35] "GET / HTTP/1.1" 500 30 0.0065
192.168.122.1 - - [14/Jun/2013 12:25:36] "GET /favicon.ico HTTP/1.1" 404 18 0.0029
192.168.122.1 - - [14/Jun/2013 12:25:36] "GET /favicon.ico HTTP/1.1" 404 18 0.0008
>> Waiting for 1 connection(s) to finish, can take up to 30 sec, CTRL+C to stop now
>> Writing PID to /home/user/rb_stud/glpi_test_app/tmp/thin.pid
>> Thin web server (v1.5.1 codename Straight Razor)
>> Maximum connections set to 1024
>> Listening on 0.0.0.0:8080, CTRL+C to stop
Errno::ENOENT - No such file or directory - /home/user/rb_stud/glpi_test_app/config/views/new.erb:
	/home/user/.rvm/gems/ruby-2.0.0-p195/gems/tilt-1.4.1/lib/tilt/template.rb:91:in `initialize'
	/home/user/.rvm/gems/ruby-2.0.0-p195/gems/tilt-1.4.1/lib/tilt/template.rb:91:in `open'
	/home/user/.rvm/gems/ruby-2.0.0-p195/gems/tilt-1.4.1/lib/tilt/template.rb:91:in `read_template_file'
	/home/user/.rvm/gems/ruby-2.0.0-p195/gems/tilt-1.4.1/lib/tilt/template.rb:68:in `block in initialize'
	/home/user/.rvm/gems/ruby-2.0.0-p195/gems/tilt-1.4.1/lib/tilt/template.rb:69:in `call'
	/home/user/.rvm/gems/ruby-2.0.0-p195/gems/tilt-1.4.1/lib/tilt/template.rb:69:in `initialize'
	/home/user/.rvm/gems/ruby-2.0.0-p195/gems/sinatra-1.4.2/lib/sinatra/base.rb:833:in `new'
	/home/user/.rvm/gems/ruby-2.0.0-p195/gems/sinatra-1.4.2/lib/sinatra/base.rb:833:in `block in compile_template'
	/home/user/.rvm/gems/ruby-2.0.0-p195/gems/tilt-1.4.1/lib/tilt.rb:127:in `fetch'
	/home/user/.rvm/gems/ruby-2.0.0-p195/gems/sinatra-1.4.2/lib/sinatra/base.rb:812:in `compile_template'
	/home/user/.rvm/gems/ruby-2.0.0-p195/gems/sinatra-1.4.2/lib/sinatra/base.rb:793:in `render'
	/home/user/.rvm/gems/ruby-2.0.0-p195/gems/sinatra-1.4.2/lib/sinatra/base.rb:654:in `erb'
	/home/user/rb_stud/glpi_test_app/test.rb:172:in `block in <top (required)>'
	/home/user/.rvm/gems/ruby-2.0.0-p195/gems/sinatra-1.4.2/lib/sinatra/base.rb:1415:in `call'
	/home/user/.rvm/gems/ruby-2.0.0-p195/gems/sinatra-1.4.2/lib/sinatra/base.rb:1415:in `block in compile!'
	/home/user/.rvm/gems/ruby-2.0.0-p195/gems/sinatra-1.4.2/lib/sinatra/base.rb:944:in `[]'
	/home/user/.rvm/gems/ruby-2.0.0-p195/gems/sinatra-1.4.2/lib/sinatra/base.rb:944:in `block (3 levels) in route!'
	/home/user/.rvm/gems/ruby-2.0.0-p195/gems/sinatra-1.4.2/lib/sinatra/base.rb:960:in `route_eval'
	/home/user/.rvm/gems/ruby-2.0.0-p195/gems/sinatra-1.4.2/lib/sinatra/base.rb:944:in `block (2 levels) in route!'
	/home/user/.rvm/gems/ruby-2.0.0-p195/gems/sinatra-1.4.2/lib/sinatra/base.rb:981:in `block in process_route'
	/home/user/.rvm/gems/ruby-2.0.0-p195/gems/sinatra-1.4.2/lib/sinatra/base.rb:979:in `catch'
	/home/user/.rvm/gems/ruby-2.0.0-p195/gems/sinatra-1.4.2/lib/sinatra/base.rb:979:in `process_route'
	/home/user/.rvm/gems/ruby-2.0.0-p195/gems/sinatra-1.4.2/lib/sinatra/base.rb:943:in `block in route!'
	/home/user/.rvm/gems/ruby-2.0.0-p195/gems/sinatra-1.4.2/lib/sinatra/base.rb:942:in `each'
	/home/user/.rvm/gems/ruby-2.0.0-p195/gems/sinatra-1.4.2/lib/sinatra/base.rb:942:in `route!'
	/home/user/.rvm/gems/ruby-2.0.0-p195/gems/sinatra-1.4.2/lib/sinatra/base.rb:1053:in `block in dispatch!'
	/home/user/.rvm/gems/ruby-2.0.0-p195/gems/sinatra-1.4.2/lib/sinatra/base.rb:1035:in `block in invoke'
	/home/user/.rvm/gems/ruby-2.0.0-p195/gems/sinatra-1.4.2/lib/sinatra/base.rb:1035:in `catch'
	/home/user/.rvm/gems/ruby-2.0.0-p195/gems/sinatra-1.4.2/lib/sinatra/base.rb:1035:in `invoke'
	/home/user/.rvm/gems/ruby-2.0.0-p195/gems/sinatra-1.4.2/lib/sinatra/base.rb:1050:in `dispatch!'
	/home/user/.rvm/gems/ruby-2.0.0-p195/gems/sinatra-1.4.2/lib/sinatra/base.rb:878:in `block in call!'
	/home/user/.rvm/gems/ruby-2.0.0-p195/gems/sinatra-1.4.2/lib/sinatra/base.rb:1035:in `block in invoke'
	/home/user/.rvm/gems/ruby-2.0.0-p195/gems/sinatra-1.4.2/lib/sinatra/base.rb:1035:in `catch'
	/home/user/.rvm/gems/ruby-2.0.0-p195/gems/sinatra-1.4.2/lib/sinatra/base.rb:1035:in `invoke'
	/home/user/.rvm/gems/ruby-2.0.0-p195/gems/sinatra-1.4.2/lib/sinatra/base.rb:878:in `call!'
	/home/user/.rvm/gems/ruby-2.0.0-p195/gems/sinatra-1.4.2/lib/sinatra/base.rb:864:in `call'
	/home/user/.rvm/gems/ruby-2.0.0-p195/gems/rack-protection-1.5.0/lib/rack/protection/xss_header.rb:18:in `call'
	/home/user/.rvm/gems/ruby-2.0.0-p195/gems/rack-protection-1.5.0/lib/rack/protection/path_traversal.rb:16:in `call'
	/home/user/.rvm/gems/ruby-2.0.0-p195/gems/rack-protection-1.5.0/lib/rack/protection/json_csrf.rb:18:in `call'
	/home/user/.rvm/gems/ruby-2.0.0-p195/gems/rack-protection-1.5.0/lib/rack/protection/base.rb:49:in `call'
	/home/user/.rvm/gems/ruby-2.0.0-p195/gems/rack-protection-1.5.0/lib/rack/protection/base.rb:49:in `call'
	/home/user/.rvm/gems/ruby-2.0.0-p195/gems/rack-protection-1.5.0/lib/rack/protection/frame_options.rb:31:in `call'
	/home/user/.rvm/gems/ruby-2.0.0-p195/gems/rack-1.5.2/lib/rack/logger.rb:15:in `call'
	/home/user/.rvm/gems/ruby-2.0.0-p195/gems/rack-1.5.2/lib/rack/commonlogger.rb:33:in `call'
	/home/user/.rvm/gems/ruby-2.0.0-p195/gems/sinatra-1.4.2/lib/sinatra/base.rb:209:in `call'
	/home/user/.rvm/gems/ruby-2.0.0-p195/gems/sinatra-1.4.2/lib/sinatra/base.rb:202:in `call'
	/home/user/.rvm/gems/ruby-2.0.0-p195/gems/rack-1.5.2/lib/rack/head.rb:11:in `call'
	/home/user/.rvm/gems/ruby-2.0.0-p195/gems/rack-1.5.2/lib/rack/methodoverride.rb:21:in `call'
	/home/user/.rvm/gems/ruby-2.0.0-p195/gems/sinatra-1.4.2/lib/sinatra/base.rb:172:in `call'
	/home/user/.rvm/gems/ruby-2.0.0-p195/gems/sinatra-1.4.2/lib/sinatra/base.rb:1947:in `call'
	/home/user/.rvm/gems/ruby-2.0.0-p195/gems/sinatra-1.4.2/lib/sinatra/base.rb:1610:in `block in call'
	/home/user/.rvm/gems/ruby-2.0.0-p195/gems/sinatra-1.4.2/lib/sinatra/base.rb:1693:in `synchronize'
	/home/user/.rvm/gems/ruby-2.0.0-p195/gems/sinatra-1.4.2/lib/sinatra/base.rb:1610:in `call'
	/home/user/.rvm/gems/ruby-2.0.0-p195/gems/thin-1.5.1/lib/thin/connection.rb:81:in `block in pre_process'
	/home/user/.rvm/gems/ruby-2.0.0-p195/gems/thin-1.5.1/lib/thin/connection.rb:79:in `catch'
	/home/user/.rvm/gems/ruby-2.0.0-p195/gems/thin-1.5.1/lib/thin/connection.rb:79:in `pre_process'
	/home/user/.rvm/gems/ruby-2.0.0-p195/gems/thin-1.5.1/lib/thin/connection.rb:54:in `process'
	/home/user/.rvm/gems/ruby-2.0.0-p195/gems/thin-1.5.1/lib/thin/connection.rb:39:in `receive_data'
	/home/user/.rvm/gems/ruby-2.0.0-p195/gems/eventmachine-1.0.3/lib/eventmachine.rb:187:in `run_machine'
	/home/user/.rvm/gems/ruby-2.0.0-p195/gems/eventmachine-1.0.3/lib/eventmachine.rb:187:in `run'
	/home/user/.rvm/gems/ruby-2.0.0-p195/gems/thin-1.5.1/lib/thin/backends/base.rb:63:in `start'
	/home/user/.rvm/gems/ruby-2.0.0-p195/gems/thin-1.5.1/lib/thin/server.rb:159:in `start'
	/home/user/.rvm/gems/ruby-2.0.0-p195/gems/rack-1.5.2/lib/rack/handler/thin.rb:16:in `run'
	/home/user/rb_stud/glpi_test_app/config/config.ru:4:in `block in <main>'
	/home/user/.rvm/gems/ruby-2.0.0-p195/gems/rack-1.5.2/lib/rack/builder.rb:55:in `instance_eval'
	/home/user/.rvm/gems/ruby-2.0.0-p195/gems/rack-1.5.2/lib/rack/builder.rb:55:in `initialize'
	/home/user/rb_stud/glpi_test_app/config/config.ru:1:in `new'
	/home/user/rb_stud/glpi_test_app/config/config.ru:1:in `<main>'
	/home/user/.rvm/gems/ruby-2.0.0-p195/gems/thin-1.5.1/lib/rack/adapter/loader.rb:33:in `eval'
	/home/user/.rvm/gems/ruby-2.0.0-p195/gems/thin-1.5.1/lib/rack/adapter/loader.rb:33:in `load'
	/home/user/.rvm/gems/ruby-2.0.0-p195/gems/thin-1.5.1/lib/thin/controllers/controller.rb:181:in `load_rackup_config'
	/home/user/.rvm/gems/ruby-2.0.0-p195/gems/thin-1.5.1/lib/thin/controllers/controller.rb:71:in `start'
	/home/user/.rvm/gems/ruby-2.0.0-p195/gems/thin-1.5.1/lib/thin/runner.rb:187:in `run_command'
	/home/user/.rvm/gems/ruby-2.0.0-p195/gems/thin-1.5.1/lib/thin/runner.rb:152:in `run!'
	/home/user/.rvm/gems/ruby-2.0.0-p195/gems/thin-1.5.1/bin/thin:6:in `<top (required)>'
	/home/user/.rvm/gems/ruby-2.0.0-p195/bin/thin:23:in `load'
	/home/user/.rvm/gems/ruby-2.0.0-p195/bin/thin:23:in `<main>'
	/home/user/.rvm/gems/ruby-2.0.0-p195/bin/ruby_noexec_wrapper:14:in `eval'
	/home/user/.rvm/gems/ruby-2.0.0-p195/bin/ruby_noexec_wrapper:14:in `<main>'
192.168.122.1 - - [14/Jun/2013 12:27:40] "GET / HTTP/1.1" 500 30 0.0018
Errno::ENOENT - No such file or directory - /home/user/rb_stud/glpi_test_app/config/views/new.erb:
	/home/user/.rvm/gems/ruby-2.0.0-p195/gems/tilt-1.4.1/lib/tilt/template.rb:91:in `initialize'
	/home/user/.rvm/gems/ruby-2.0.0-p195/gems/tilt-1.4.1/lib/tilt/template.rb:91:in `open'
	/home/user/.rvm/gems/ruby-2.0.0-p195/gems/tilt-1.4.1/lib/tilt/template.rb:91:in `read_template_file'
	/home/user/.rvm/gems/ruby-2.0.0-p195/gems/tilt-1.4.1/lib/tilt/template.rb:68:in `block in initialize'
	/home/user/.rvm/gems/ruby-2.0.0-p195/gems/tilt-1.4.1/lib/tilt/template.rb:69:in `call'
	/home/user/.rvm/gems/ruby-2.0.0-p195/gems/tilt-1.4.1/lib/tilt/template.rb:69:in `initialize'
	/home/user/.rvm/gems/ruby-2.0.0-p195/gems/sinatra-1.4.2/lib/sinatra/base.rb:833:in `new'
	/home/user/.rvm/gems/ruby-2.0.0-p195/gems/sinatra-1.4.2/lib/sinatra/base.rb:833:in `block in compile_template'
	/home/user/.rvm/gems/ruby-2.0.0-p195/gems/tilt-1.4.1/lib/tilt.rb:127:in `fetch'
	/home/user/.rvm/gems/ruby-2.0.0-p195/gems/sinatra-1.4.2/lib/sinatra/base.rb:812:in `compile_template'
	/home/user/.rvm/gems/ruby-2.0.0-p195/gems/sinatra-1.4.2/lib/sinatra/base.rb:793:in `render'
	/home/user/.rvm/gems/ruby-2.0.0-p195/gems/sinatra-1.4.2/lib/sinatra/base.rb:654:in `erb'
	/home/user/rb_stud/glpi_test_app/test.rb:172:in `block in <top (required)>'
	/home/user/.rvm/gems/ruby-2.0.0-p195/gems/sinatra-1.4.2/lib/sinatra/base.rb:1415:in `call'
	/home/user/.rvm/gems/ruby-2.0.0-p195/gems/sinatra-1.4.2/lib/sinatra/base.rb:1415:in `block in compile!'
	/home/user/.rvm/gems/ruby-2.0.0-p195/gems/sinatra-1.4.2/lib/sinatra/base.rb:944:in `[]'
	/home/user/.rvm/gems/ruby-2.0.0-p195/gems/sinatra-1.4.2/lib/sinatra/base.rb:944:in `block (3 levels) in route!'
	/home/user/.rvm/gems/ruby-2.0.0-p195/gems/sinatra-1.4.2/lib/sinatra/base.rb:960:in `route_eval'
	/home/user/.rvm/gems/ruby-2.0.0-p195/gems/sinatra-1.4.2/lib/sinatra/base.rb:944:in `block (2 levels) in route!'
	/home/user/.rvm/gems/ruby-2.0.0-p195/gems/sinatra-1.4.2/lib/sinatra/base.rb:981:in `block in process_route'
	/home/user/.rvm/gems/ruby-2.0.0-p195/gems/sinatra-1.4.2/lib/sinatra/base.rb:979:in `catch'
	/home/user/.rvm/gems/ruby-2.0.0-p195/gems/sinatra-1.4.2/lib/sinatra/base.rb:979:in `process_route'
	/home/user/.rvm/gems/ruby-2.0.0-p195/gems/sinatra-1.4.2/lib/sinatra/base.rb:943:in `block in route!'
	/home/user/.rvm/gems/ruby-2.0.0-p195/gems/sinatra-1.4.2/lib/sinatra/base.rb:942:in `each'
	/home/user/.rvm/gems/ruby-2.0.0-p195/gems/sinatra-1.4.2/lib/sinatra/base.rb:942:in `route!'
	/home/user/.rvm/gems/ruby-2.0.0-p195/gems/sinatra-1.4.2/lib/sinatra/base.rb:1053:in `block in dispatch!'
	/home/user/.rvm/gems/ruby-2.0.0-p195/gems/sinatra-1.4.2/lib/sinatra/base.rb:1035:in `block in invoke'
	/home/user/.rvm/gems/ruby-2.0.0-p195/gems/sinatra-1.4.2/lib/sinatra/base.rb:1035:in `catch'
	/home/user/.rvm/gems/ruby-2.0.0-p195/gems/sinatra-1.4.2/lib/sinatra/base.rb:1035:in `invoke'
	/home/user/.rvm/gems/ruby-2.0.0-p195/gems/sinatra-1.4.2/lib/sinatra/base.rb:1050:in `dispatch!'
	/home/user/.rvm/gems/ruby-2.0.0-p195/gems/sinatra-1.4.2/lib/sinatra/base.rb:878:in `block in call!'
	/home/user/.rvm/gems/ruby-2.0.0-p195/gems/sinatra-1.4.2/lib/sinatra/base.rb:1035:in `block in invoke'
	/home/user/.rvm/gems/ruby-2.0.0-p195/gems/sinatra-1.4.2/lib/sinatra/base.rb:1035:in `catch'
	/home/user/.rvm/gems/ruby-2.0.0-p195/gems/sinatra-1.4.2/lib/sinatra/base.rb:1035:in `invoke'
	/home/user/.rvm/gems/ruby-2.0.0-p195/gems/sinatra-1.4.2/lib/sinatra/base.rb:878:in `call!'
	/home/user/.rvm/gems/ruby-2.0.0-p195/gems/sinatra-1.4.2/lib/sinatra/base.rb:864:in `call'
	/home/user/.rvm/gems/ruby-2.0.0-p195/gems/rack-protection-1.5.0/lib/rack/protection/xss_header.rb:18:in `call'
	/home/user/.rvm/gems/ruby-2.0.0-p195/gems/rack-protection-1.5.0/lib/rack/protection/path_traversal.rb:16:in `call'
	/home/user/.rvm/gems/ruby-2.0.0-p195/gems/rack-protection-1.5.0/lib/rack/protection/json_csrf.rb:18:in `call'
	/home/user/.rvm/gems/ruby-2.0.0-p195/gems/rack-protection-1.5.0/lib/rack/protection/base.rb:49:in `call'
	/home/user/.rvm/gems/ruby-2.0.0-p195/gems/rack-protection-1.5.0/lib/rack/protection/base.rb:49:in `call'
	/home/user/.rvm/gems/ruby-2.0.0-p195/gems/rack-protection-1.5.0/lib/rack/protection/frame_options.rb:31:in `call'
	/home/user/.rvm/gems/ruby-2.0.0-p195/gems/rack-1.5.2/lib/rack/logger.rb:15:in `call'
	/home/user/.rvm/gems/ruby-2.0.0-p195/gems/rack-1.5.2/lib/rack/commonlogger.rb:33:in `call'
	/home/user/.rvm/gems/ruby-2.0.0-p195/gems/sinatra-1.4.2/lib/sinatra/base.rb:209:in `call'
	/home/user/.rvm/gems/ruby-2.0.0-p195/gems/sinatra-1.4.2/lib/sinatra/base.rb:202:in `call'
	/home/user/.rvm/gems/ruby-2.0.0-p195/gems/rack-1.5.2/lib/rack/head.rb:11:in `call'
	/home/user/.rvm/gems/ruby-2.0.0-p195/gems/rack-1.5.2/lib/rack/methodoverride.rb:21:in `call'
	/home/user/.rvm/gems/ruby-2.0.0-p195/gems/sinatra-1.4.2/lib/sinatra/base.rb:172:in `call'
	/home/user/.rvm/gems/ruby-2.0.0-p195/gems/sinatra-1.4.2/lib/sinatra/base.rb:1947:in `call'
	/home/user/.rvm/gems/ruby-2.0.0-p195/gems/sinatra-1.4.2/lib/sinatra/base.rb:1610:in `block in call'
	/home/user/.rvm/gems/ruby-2.0.0-p195/gems/sinatra-1.4.2/lib/sinatra/base.rb:1693:in `synchronize'
	/home/user/.rvm/gems/ruby-2.0.0-p195/gems/sinatra-1.4.2/lib/sinatra/base.rb:1610:in `call'
	/home/user/.rvm/gems/ruby-2.0.0-p195/gems/thin-1.5.1/lib/thin/connection.rb:81:in `block in pre_process'
	/home/user/.rvm/gems/ruby-2.0.0-p195/gems/thin-1.5.1/lib/thin/connection.rb:79:in `catch'
	/home/user/.rvm/gems/ruby-2.0.0-p195/gems/thin-1.5.1/lib/thin/connection.rb:79:in `pre_process'
	/home/user/.rvm/gems/ruby-2.0.0-p195/gems/thin-1.5.1/lib/thin/connection.rb:54:in `process'
	/home/user/.rvm/gems/ruby-2.0.0-p195/gems/thin-1.5.1/lib/thin/connection.rb:39:in `receive_data'
	/home/user/.rvm/gems/ruby-2.0.0-p195/gems/eventmachine-1.0.3/lib/eventmachine.rb:187:in `run_machine'
	/home/user/.rvm/gems/ruby-2.0.0-p195/gems/eventmachine-1.0.3/lib/eventmachine.rb:187:in `run'
	/home/user/.rvm/gems/ruby-2.0.0-p195/gems/thin-1.5.1/lib/thin/backends/base.rb:63:in `start'
	/home/user/.rvm/gems/ruby-2.0.0-p195/gems/thin-1.5.1/lib/thin/server.rb:159:in `start'
	/home/user/.rvm/gems/ruby-2.0.0-p195/gems/rack-1.5.2/lib/rack/handler/thin.rb:16:in `run'
	/home/user/rb_stud/glpi_test_app/config/config.ru:4:in `block in <main>'
	/home/user/.rvm/gems/ruby-2.0.0-p195/gems/rack-1.5.2/lib/rack/builder.rb:55:in `instance_eval'
	/home/user/.rvm/gems/ruby-2.0.0-p195/gems/rack-1.5.2/lib/rack/builder.rb:55:in `initialize'
	/home/user/rb_stud/glpi_test_app/config/config.ru:1:in `new'
	/home/user/rb_stud/glpi_test_app/config/config.ru:1:in `<main>'
	/home/user/.rvm/gems/ruby-2.0.0-p195/gems/thin-1.5.1/lib/rack/adapter/loader.rb:33:in `eval'
	/home/user/.rvm/gems/ruby-2.0.0-p195/gems/thin-1.5.1/lib/rack/adapter/loader.rb:33:in `load'
	/home/user/.rvm/gems/ruby-2.0.0-p195/gems/thin-1.5.1/lib/thin/controllers/controller.rb:181:in `load_rackup_config'
	/home/user/.rvm/gems/ruby-2.0.0-p195/gems/thin-1.5.1/lib/thin/controllers/controller.rb:71:in `start'
	/home/user/.rvm/gems/ruby-2.0.0-p195/gems/thin-1.5.1/lib/thin/runner.rb:187:in `run_command'
	/home/user/.rvm/gems/ruby-2.0.0-p195/gems/thin-1.5.1/lib/thin/runner.rb:152:in `run!'
	/home/user/.rvm/gems/ruby-2.0.0-p195/gems/thin-1.5.1/bin/thin:6:in `<top (required)>'
	/home/user/.rvm/gems/ruby-2.0.0-p195/bin/thin:23:in `load'
	/home/user/.rvm/gems/ruby-2.0.0-p195/bin/thin:23:in `<main>'
	/home/user/.rvm/gems/ruby-2.0.0-p195/bin/ruby_noexec_wrapper:14:in `eval'
	/home/user/.rvm/gems/ruby-2.0.0-p195/bin/ruby_noexec_wrapper:14:in `<main>'
192.168.122.1 - - [14/Jun/2013 12:27:41] "GET / HTTP/1.1" 500 30 0.0011
Errno::ENOENT - No such file or directory - /home/user/rb_stud/glpi_test_app/config/views/new.erb:
	/home/user/.rvm/gems/ruby-2.0.0-p195/gems/tilt-1.4.1/lib/tilt/template.rb:91:in `initialize'
	/home/user/.rvm/gems/ruby-2.0.0-p195/gems/tilt-1.4.1/lib/tilt/template.rb:91:in `open'
	/home/user/.rvm/gems/ruby-2.0.0-p195/gems/tilt-1.4.1/lib/tilt/template.rb:91:in `read_template_file'
	/home/user/.rvm/gems/ruby-2.0.0-p195/gems/tilt-1.4.1/lib/tilt/template.rb:68:in `block in initialize'
	/home/user/.rvm/gems/ruby-2.0.0-p195/gems/tilt-1.4.1/lib/tilt/template.rb:69:in `call'
	/home/user/.rvm/gems/ruby-2.0.0-p195/gems/tilt-1.4.1/lib/tilt/template.rb:69:in `initialize'
	/home/user/.rvm/gems/ruby-2.0.0-p195/gems/sinatra-1.4.2/lib/sinatra/base.rb:833:in `new'
	/home/user/.rvm/gems/ruby-2.0.0-p195/gems/sinatra-1.4.2/lib/sinatra/base.rb:833:in `block in compile_template'
	/home/user/.rvm/gems/ruby-2.0.0-p195/gems/tilt-1.4.1/lib/tilt.rb:127:in `fetch'
	/home/user/.rvm/gems/ruby-2.0.0-p195/gems/sinatra-1.4.2/lib/sinatra/base.rb:812:in `compile_template'
	/home/user/.rvm/gems/ruby-2.0.0-p195/gems/sinatra-1.4.2/lib/sinatra/base.rb:793:in `render'
	/home/user/.rvm/gems/ruby-2.0.0-p195/gems/sinatra-1.4.2/lib/sinatra/base.rb:654:in `erb'
	/home/user/rb_stud/glpi_test_app/test.rb:172:in `block in <top (required)>'
	/home/user/.rvm/gems/ruby-2.0.0-p195/gems/sinatra-1.4.2/lib/sinatra/base.rb:1415:in `call'
	/home/user/.rvm/gems/ruby-2.0.0-p195/gems/sinatra-1.4.2/lib/sinatra/base.rb:1415:in `block in compile!'
	/home/user/.rvm/gems/ruby-2.0.0-p195/gems/sinatra-1.4.2/lib/sinatra/base.rb:944:in `[]'
	/home/user/.rvm/gems/ruby-2.0.0-p195/gems/sinatra-1.4.2/lib/sinatra/base.rb:944:in `block (3 levels) in route!'
	/home/user/.rvm/gems/ruby-2.0.0-p195/gems/sinatra-1.4.2/lib/sinatra/base.rb:960:in `route_eval'
	/home/user/.rvm/gems/ruby-2.0.0-p195/gems/sinatra-1.4.2/lib/sinatra/base.rb:944:in `block (2 levels) in route!'
	/home/user/.rvm/gems/ruby-2.0.0-p195/gems/sinatra-1.4.2/lib/sinatra/base.rb:981:in `block in process_route'
	/home/user/.rvm/gems/ruby-2.0.0-p195/gems/sinatra-1.4.2/lib/sinatra/base.rb:979:in `catch'
	/home/user/.rvm/gems/ruby-2.0.0-p195/gems/sinatra-1.4.2/lib/sinatra/base.rb:979:in `process_route'
	/home/user/.rvm/gems/ruby-2.0.0-p195/gems/sinatra-1.4.2/lib/sinatra/base.rb:943:in `block in route!'
	/home/user/.rvm/gems/ruby-2.0.0-p195/gems/sinatra-1.4.2/lib/sinatra/base.rb:942:in `each'
	/home/user/.rvm/gems/ruby-2.0.0-p195/gems/sinatra-1.4.2/lib/sinatra/base.rb:942:in `route!'
	/home/user/.rvm/gems/ruby-2.0.0-p195/gems/sinatra-1.4.2/lib/sinatra/base.rb:1053:in `block in dispatch!'
	/home/user/.rvm/gems/ruby-2.0.0-p195/gems/sinatra-1.4.2/lib/sinatra/base.rb:1035:in `block in invoke'
	/home/user/.rvm/gems/ruby-2.0.0-p195/gems/sinatra-1.4.2/lib/sinatra/base.rb:1035:in `catch'
	/home/user/.rvm/gems/ruby-2.0.0-p195/gems/sinatra-1.4.2/lib/sinatra/base.rb:1035:in `invoke'
	/home/user/.rvm/gems/ruby-2.0.0-p195/gems/sinatra-1.4.2/lib/sinatra/base.rb:1050:in `dispatch!'
	/home/user/.rvm/gems/ruby-2.0.0-p195/gems/sinatra-1.4.2/lib/sinatra/base.rb:878:in `block in call!'
	/home/user/.rvm/gems/ruby-2.0.0-p195/gems/sinatra-1.4.2/lib/sinatra/base.rb:1035:in `block in invoke'
	/home/user/.rvm/gems/ruby-2.0.0-p195/gems/sinatra-1.4.2/lib/sinatra/base.rb:1035:in `catch'
	/home/user/.rvm/gems/ruby-2.0.0-p195/gems/sinatra-1.4.2/lib/sinatra/base.rb:1035:in `invoke'
	/home/user/.rvm/gems/ruby-2.0.0-p195/gems/sinatra-1.4.2/lib/sinatra/base.rb:878:in `call!'
	/home/user/.rvm/gems/ruby-2.0.0-p195/gems/sinatra-1.4.2/lib/sinatra/base.rb:864:in `call'
	/home/user/.rvm/gems/ruby-2.0.0-p195/gems/rack-protection-1.5.0/lib/rack/protection/xss_header.rb:18:in `call'
	/home/user/.rvm/gems/ruby-2.0.0-p195/gems/rack-protection-1.5.0/lib/rack/protection/path_traversal.rb:16:in `call'
	/home/user/.rvm/gems/ruby-2.0.0-p195/gems/rack-protection-1.5.0/lib/rack/protection/json_csrf.rb:18:in `call'
	/home/user/.rvm/gems/ruby-2.0.0-p195/gems/rack-protection-1.5.0/lib/rack/protection/base.rb:49:in `call'
	/home/user/.rvm/gems/ruby-2.0.0-p195/gems/rack-protection-1.5.0/lib/rack/protection/base.rb:49:in `call'
	/home/user/.rvm/gems/ruby-2.0.0-p195/gems/rack-protection-1.5.0/lib/rack/protection/frame_options.rb:31:in `call'
	/home/user/.rvm/gems/ruby-2.0.0-p195/gems/rack-1.5.2/lib/rack/logger.rb:15:in `call'
	/home/user/.rvm/gems/ruby-2.0.0-p195/gems/rack-1.5.2/lib/rack/commonlogger.rb:33:in `call'
	/home/user/.rvm/gems/ruby-2.0.0-p195/gems/sinatra-1.4.2/lib/sinatra/base.rb:209:in `call'
	/home/user/.rvm/gems/ruby-2.0.0-p195/gems/sinatra-1.4.2/lib/sinatra/base.rb:202:in `call'
	/home/user/.rvm/gems/ruby-2.0.0-p195/gems/rack-1.5.2/lib/rack/head.rb:11:in `call'
	/home/user/.rvm/gems/ruby-2.0.0-p195/gems/rack-1.5.2/lib/rack/methodoverride.rb:21:in `call'
	/home/user/.rvm/gems/ruby-2.0.0-p195/gems/sinatra-1.4.2/lib/sinatra/base.rb:172:in `call'
	/home/user/.rvm/gems/ruby-2.0.0-p195/gems/sinatra-1.4.2/lib/sinatra/base.rb:1947:in `call'
	/home/user/.rvm/gems/ruby-2.0.0-p195/gems/sinatra-1.4.2/lib/sinatra/base.rb:1610:in `block in call'
	/home/user/.rvm/gems/ruby-2.0.0-p195/gems/sinatra-1.4.2/lib/sinatra/base.rb:1693:in `synchronize'
	/home/user/.rvm/gems/ruby-2.0.0-p195/gems/sinatra-1.4.2/lib/sinatra/base.rb:1610:in `call'
	/home/user/.rvm/gems/ruby-2.0.0-p195/gems/thin-1.5.1/lib/thin/connection.rb:81:in `block in pre_process'
	/home/user/.rvm/gems/ruby-2.0.0-p195/gems/thin-1.5.1/lib/thin/connection.rb:79:in `catch'
	/home/user/.rvm/gems/ruby-2.0.0-p195/gems/thin-1.5.1/lib/thin/connection.rb:79:in `pre_process'
	/home/user/.rvm/gems/ruby-2.0.0-p195/gems/thin-1.5.1/lib/thin/connection.rb:54:in `process'
	/home/user/.rvm/gems/ruby-2.0.0-p195/gems/thin-1.5.1/lib/thin/connection.rb:39:in `receive_data'
	/home/user/.rvm/gems/ruby-2.0.0-p195/gems/eventmachine-1.0.3/lib/eventmachine.rb:187:in `run_machine'
	/home/user/.rvm/gems/ruby-2.0.0-p195/gems/eventmachine-1.0.3/lib/eventmachine.rb:187:in `run'
	/home/user/.rvm/gems/ruby-2.0.0-p195/gems/thin-1.5.1/lib/thin/backends/base.rb:63:in `start'
	/home/user/.rvm/gems/ruby-2.0.0-p195/gems/thin-1.5.1/lib/thin/server.rb:159:in `start'
	/home/user/.rvm/gems/ruby-2.0.0-p195/gems/rack-1.5.2/lib/rack/handler/thin.rb:16:in `run'
	/home/user/rb_stud/glpi_test_app/config/config.ru:4:in `block in <main>'
	/home/user/.rvm/gems/ruby-2.0.0-p195/gems/rack-1.5.2/lib/rack/builder.rb:55:in `instance_eval'
	/home/user/.rvm/gems/ruby-2.0.0-p195/gems/rack-1.5.2/lib/rack/builder.rb:55:in `initialize'
	/home/user/rb_stud/glpi_test_app/config/config.ru:1:in `new'
	/home/user/rb_stud/glpi_test_app/config/config.ru:1:in `<main>'
	/home/user/.rvm/gems/ruby-2.0.0-p195/gems/thin-1.5.1/lib/rack/adapter/loader.rb:33:in `eval'
	/home/user/.rvm/gems/ruby-2.0.0-p195/gems/thin-1.5.1/lib/rack/adapter/loader.rb:33:in `load'
	/home/user/.rvm/gems/ruby-2.0.0-p195/gems/thin-1.5.1/lib/thin/controllers/controller.rb:181:in `load_rackup_config'
	/home/user/.rvm/gems/ruby-2.0.0-p195/gems/thin-1.5.1/lib/thin/controllers/controller.rb:71:in `start'
	/home/user/.rvm/gems/ruby-2.0.0-p195/gems/thin-1.5.1/lib/thin/runner.rb:187:in `run_command'
	/home/user/.rvm/gems/ruby-2.0.0-p195/gems/thin-1.5.1/lib/thin/runner.rb:152:in `run!'
	/home/user/.rvm/gems/ruby-2.0.0-p195/gems/thin-1.5.1/bin/thin:6:in `<top (required)>'
	/home/user/.rvm/gems/ruby-2.0.0-p195/bin/thin:23:in `load'
	/home/user/.rvm/gems/ruby-2.0.0-p195/bin/thin:23:in `<main>'
	/home/user/.rvm/gems/ruby-2.0.0-p195/bin/ruby_noexec_wrapper:14:in `eval'
	/home/user/.rvm/gems/ruby-2.0.0-p195/bin/ruby_noexec_wrapper:14:in `<main>'
192.168.122.1 - - [14/Jun/2013 12:27:43] "GET / HTTP/1.1" 500 30 0.0017
>> Waiting for 1 connection(s) to finish, can take up to 30 sec, CTRL+C to stop now
>> Writing PID to /home/user/rb_stud/glpi_test_app/tmp/thin.pid
>> Thin web server (v1.5.1 codename Straight Razor)
>> Maximum connections set to 1024
>> Listening on 0.0.0.0:8080, CTRL+C to stop
Errno::ENOENT - No such file or directory - /home/user/rb_stud/glpi_test_app/config/views/new.erb:
	/home/user/.rvm/gems/ruby-2.0.0-p195/gems/tilt-1.4.1/lib/tilt/template.rb:91:in `initialize'
	/home/user/.rvm/gems/ruby-2.0.0-p195/gems/tilt-1.4.1/lib/tilt/template.rb:91:in `open'
	/home/user/.rvm/gems/ruby-2.0.0-p195/gems/tilt-1.4.1/lib/tilt/template.rb:91:in `read_template_file'
	/home/user/.rvm/gems/ruby-2.0.0-p195/gems/tilt-1.4.1/lib/tilt/template.rb:68:in `block in initialize'
	/home/user/.rvm/gems/ruby-2.0.0-p195/gems/tilt-1.4.1/lib/tilt/template.rb:69:in `call'
	/home/user/.rvm/gems/ruby-2.0.0-p195/gems/tilt-1.4.1/lib/tilt/template.rb:69:in `initialize'
	/home/user/.rvm/gems/ruby-2.0.0-p195/gems/sinatra-1.4.2/lib/sinatra/base.rb:833:in `new'
	/home/user/.rvm/gems/ruby-2.0.0-p195/gems/sinatra-1.4.2/lib/sinatra/base.rb:833:in `block in compile_template'
	/home/user/.rvm/gems/ruby-2.0.0-p195/gems/tilt-1.4.1/lib/tilt.rb:127:in `fetch'
	/home/user/.rvm/gems/ruby-2.0.0-p195/gems/sinatra-1.4.2/lib/sinatra/base.rb:812:in `compile_template'
	/home/user/.rvm/gems/ruby-2.0.0-p195/gems/sinatra-1.4.2/lib/sinatra/base.rb:793:in `render'
	/home/user/.rvm/gems/ruby-2.0.0-p195/gems/sinatra-1.4.2/lib/sinatra/base.rb:654:in `erb'
	/home/user/rb_stud/glpi_test_app/test.rb:172:in `block in <top (required)>'
	/home/user/.rvm/gems/ruby-2.0.0-p195/gems/sinatra-1.4.2/lib/sinatra/base.rb:1415:in `call'
	/home/user/.rvm/gems/ruby-2.0.0-p195/gems/sinatra-1.4.2/lib/sinatra/base.rb:1415:in `block in compile!'
	/home/user/.rvm/gems/ruby-2.0.0-p195/gems/sinatra-1.4.2/lib/sinatra/base.rb:944:in `[]'
	/home/user/.rvm/gems/ruby-2.0.0-p195/gems/sinatra-1.4.2/lib/sinatra/base.rb:944:in `block (3 levels) in route!'
	/home/user/.rvm/gems/ruby-2.0.0-p195/gems/sinatra-1.4.2/lib/sinatra/base.rb:960:in `route_eval'
	/home/user/.rvm/gems/ruby-2.0.0-p195/gems/sinatra-1.4.2/lib/sinatra/base.rb:944:in `block (2 levels) in route!'
	/home/user/.rvm/gems/ruby-2.0.0-p195/gems/sinatra-1.4.2/lib/sinatra/base.rb:981:in `block in process_route'
	/home/user/.rvm/gems/ruby-2.0.0-p195/gems/sinatra-1.4.2/lib/sinatra/base.rb:979:in `catch'
	/home/user/.rvm/gems/ruby-2.0.0-p195/gems/sinatra-1.4.2/lib/sinatra/base.rb:979:in `process_route'
	/home/user/.rvm/gems/ruby-2.0.0-p195/gems/sinatra-1.4.2/lib/sinatra/base.rb:943:in `block in route!'
	/home/user/.rvm/gems/ruby-2.0.0-p195/gems/sinatra-1.4.2/lib/sinatra/base.rb:942:in `each'
	/home/user/.rvm/gems/ruby-2.0.0-p195/gems/sinatra-1.4.2/lib/sinatra/base.rb:942:in `route!'
	/home/user/.rvm/gems/ruby-2.0.0-p195/gems/sinatra-1.4.2/lib/sinatra/base.rb:1053:in `block in dispatch!'
	/home/user/.rvm/gems/ruby-2.0.0-p195/gems/sinatra-1.4.2/lib/sinatra/base.rb:1035:in `block in invoke'
	/home/user/.rvm/gems/ruby-2.0.0-p195/gems/sinatra-1.4.2/lib/sinatra/base.rb:1035:in `catch'
	/home/user/.rvm/gems/ruby-2.0.0-p195/gems/sinatra-1.4.2/lib/sinatra/base.rb:1035:in `invoke'
	/home/user/.rvm/gems/ruby-2.0.0-p195/gems/sinatra-1.4.2/lib/sinatra/base.rb:1050:in `dispatch!'
	/home/user/.rvm/gems/ruby-2.0.0-p195/gems/sinatra-1.4.2/lib/sinatra/base.rb:878:in `block in call!'
	/home/user/.rvm/gems/ruby-2.0.0-p195/gems/sinatra-1.4.2/lib/sinatra/base.rb:1035:in `block in invoke'
	/home/user/.rvm/gems/ruby-2.0.0-p195/gems/sinatra-1.4.2/lib/sinatra/base.rb:1035:in `catch'
	/home/user/.rvm/gems/ruby-2.0.0-p195/gems/sinatra-1.4.2/lib/sinatra/base.rb:1035:in `invoke'
	/home/user/.rvm/gems/ruby-2.0.0-p195/gems/sinatra-1.4.2/lib/sinatra/base.rb:878:in `call!'
	/home/user/.rvm/gems/ruby-2.0.0-p195/gems/sinatra-1.4.2/lib/sinatra/base.rb:864:in `call'
	/home/user/.rvm/gems/ruby-2.0.0-p195/gems/rack-protection-1.5.0/lib/rack/protection/xss_header.rb:18:in `call'
	/home/user/.rvm/gems/ruby-2.0.0-p195/gems/rack-protection-1.5.0/lib/rack/protection/path_traversal.rb:16:in `call'
	/home/user/.rvm/gems/ruby-2.0.0-p195/gems/rack-protection-1.5.0/lib/rack/protection/json_csrf.rb:18:in `call'
	/home/user/.rvm/gems/ruby-2.0.0-p195/gems/rack-protection-1.5.0/lib/rack/protection/base.rb:49:in `call'
	/home/user/.rvm/gems/ruby-2.0.0-p195/gems/rack-protection-1.5.0/lib/rack/protection/base.rb:49:in `call'
	/home/user/.rvm/gems/ruby-2.0.0-p195/gems/rack-protection-1.5.0/lib/rack/protection/frame_options.rb:31:in `call'
	/home/user/.rvm/gems/ruby-2.0.0-p195/gems/rack-1.5.2/lib/rack/logger.rb:15:in `call'
	/home/user/.rvm/gems/ruby-2.0.0-p195/gems/rack-1.5.2/lib/rack/commonlogger.rb:33:in `call'
	/home/user/.rvm/gems/ruby-2.0.0-p195/gems/sinatra-1.4.2/lib/sinatra/base.rb:209:in `call'
	/home/user/.rvm/gems/ruby-2.0.0-p195/gems/sinatra-1.4.2/lib/sinatra/base.rb:202:in `call'
	/home/user/.rvm/gems/ruby-2.0.0-p195/gems/rack-1.5.2/lib/rack/head.rb:11:in `call'
	/home/user/.rvm/gems/ruby-2.0.0-p195/gems/rack-1.5.2/lib/rack/methodoverride.rb:21:in `call'
	/home/user/.rvm/gems/ruby-2.0.0-p195/gems/sinatra-1.4.2/lib/sinatra/base.rb:172:in `call'
	/home/user/.rvm/gems/ruby-2.0.0-p195/gems/sinatra-1.4.2/lib/sinatra/base.rb:1947:in `call'
	/home/user/.rvm/gems/ruby-2.0.0-p195/gems/sinatra-1.4.2/lib/sinatra/base.rb:1610:in `block in call'
	/home/user/.rvm/gems/ruby-2.0.0-p195/gems/sinatra-1.4.2/lib/sinatra/base.rb:1693:in `synchronize'
	/home/user/.rvm/gems/ruby-2.0.0-p195/gems/sinatra-1.4.2/lib/sinatra/base.rb:1610:in `call'
	/home/user/.rvm/gems/ruby-2.0.0-p195/gems/thin-1.5.1/lib/thin/connection.rb:81:in `block in pre_process'
	/home/user/.rvm/gems/ruby-2.0.0-p195/gems/thin-1.5.1/lib/thin/connection.rb:79:in `catch'
	/home/user/.rvm/gems/ruby-2.0.0-p195/gems/thin-1.5.1/lib/thin/connection.rb:79:in `pre_process'
	/home/user/.rvm/gems/ruby-2.0.0-p195/gems/thin-1.5.1/lib/thin/connection.rb:54:in `process'
	/home/user/.rvm/gems/ruby-2.0.0-p195/gems/thin-1.5.1/lib/thin/connection.rb:39:in `receive_data'
	/home/user/.rvm/gems/ruby-2.0.0-p195/gems/eventmachine-1.0.3/lib/eventmachine.rb:187:in `run_machine'
	/home/user/.rvm/gems/ruby-2.0.0-p195/gems/eventmachine-1.0.3/lib/eventmachine.rb:187:in `run'
	/home/user/.rvm/gems/ruby-2.0.0-p195/gems/thin-1.5.1/lib/thin/backends/base.rb:63:in `start'
	/home/user/.rvm/gems/ruby-2.0.0-p195/gems/thin-1.5.1/lib/thin/server.rb:159:in `start'
	/home/user/.rvm/gems/ruby-2.0.0-p195/gems/rack-1.5.2/lib/rack/handler/thin.rb:16:in `run'
	/home/user/rb_stud/glpi_test_app/config/config.ru:4:in `block in <main>'
	/home/user/.rvm/gems/ruby-2.0.0-p195/gems/rack-1.5.2/lib/rack/builder.rb:55:in `instance_eval'
	/home/user/.rvm/gems/ruby-2.0.0-p195/gems/rack-1.5.2/lib/rack/builder.rb:55:in `initialize'
	/home/user/rb_stud/glpi_test_app/config/config.ru:1:in `new'
	/home/user/rb_stud/glpi_test_app/config/config.ru:1:in `<main>'
	/home/user/.rvm/gems/ruby-2.0.0-p195/gems/thin-1.5.1/lib/rack/adapter/loader.rb:33:in `eval'
	/home/user/.rvm/gems/ruby-2.0.0-p195/gems/thin-1.5.1/lib/rack/adapter/loader.rb:33:in `load'
	/home/user/.rvm/gems/ruby-2.0.0-p195/gems/thin-1.5.1/lib/thin/controllers/controller.rb:181:in `load_rackup_config'
	/home/user/.rvm/gems/ruby-2.0.0-p195/gems/thin-1.5.1/lib/thin/controllers/controller.rb:71:in `start'
	/home/user/.rvm/gems/ruby-2.0.0-p195/gems/thin-1.5.1/lib/thin/runner.rb:187:in `run_command'
	/home/user/.rvm/gems/ruby-2.0.0-p195/gems/thin-1.5.1/lib/thin/runner.rb:152:in `run!'
	/home/user/.rvm/gems/ruby-2.0.0-p195/gems/thin-1.5.1/bin/thin:6:in `<top (required)>'
	/home/user/.rvm/gems/ruby-2.0.0-p195/bin/thin:23:in `load'
	/home/user/.rvm/gems/ruby-2.0.0-p195/bin/thin:23:in `<main>'
	/home/user/.rvm/gems/ruby-2.0.0-p195/bin/ruby_noexec_wrapper:14:in `eval'
	/home/user/.rvm/gems/ruby-2.0.0-p195/bin/ruby_noexec_wrapper:14:in `<main>'
192.168.122.1 - - [14/Jun/2013 12:28:44] "GET / HTTP/1.1" 500 30 0.0037
Errno::ENOENT - No such file or directory - /home/user/rb_stud/glpi_test_app/config/views/new.erb:
	/home/user/.rvm/gems/ruby-2.0.0-p195/gems/tilt-1.4.1/lib/tilt/template.rb:91:in `initialize'
	/home/user/.rvm/gems/ruby-2.0.0-p195/gems/tilt-1.4.1/lib/tilt/template.rb:91:in `open'
	/home/user/.rvm/gems/ruby-2.0.0-p195/gems/tilt-1.4.1/lib/tilt/template.rb:91:in `read_template_file'
	/home/user/.rvm/gems/ruby-2.0.0-p195/gems/tilt-1.4.1/lib/tilt/template.rb:68:in `block in initialize'
	/home/user/.rvm/gems/ruby-2.0.0-p195/gems/tilt-1.4.1/lib/tilt/template.rb:69:in `call'
	/home/user/.rvm/gems/ruby-2.0.0-p195/gems/tilt-1.4.1/lib/tilt/template.rb:69:in `initialize'
	/home/user/.rvm/gems/ruby-2.0.0-p195/gems/sinatra-1.4.2/lib/sinatra/base.rb:833:in `new'
	/home/user/.rvm/gems/ruby-2.0.0-p195/gems/sinatra-1.4.2/lib/sinatra/base.rb:833:in `block in compile_template'
	/home/user/.rvm/gems/ruby-2.0.0-p195/gems/tilt-1.4.1/lib/tilt.rb:127:in `fetch'
	/home/user/.rvm/gems/ruby-2.0.0-p195/gems/sinatra-1.4.2/lib/sinatra/base.rb:812:in `compile_template'
	/home/user/.rvm/gems/ruby-2.0.0-p195/gems/sinatra-1.4.2/lib/sinatra/base.rb:793:in `render'
	/home/user/.rvm/gems/ruby-2.0.0-p195/gems/sinatra-1.4.2/lib/sinatra/base.rb:654:in `erb'
	/home/user/rb_stud/glpi_test_app/test.rb:172:in `block in <top (required)>'
	/home/user/.rvm/gems/ruby-2.0.0-p195/gems/sinatra-1.4.2/lib/sinatra/base.rb:1415:in `call'
	/home/user/.rvm/gems/ruby-2.0.0-p195/gems/sinatra-1.4.2/lib/sinatra/base.rb:1415:in `block in compile!'
	/home/user/.rvm/gems/ruby-2.0.0-p195/gems/sinatra-1.4.2/lib/sinatra/base.rb:944:in `[]'
	/home/user/.rvm/gems/ruby-2.0.0-p195/gems/sinatra-1.4.2/lib/sinatra/base.rb:944:in `block (3 levels) in route!'
	/home/user/.rvm/gems/ruby-2.0.0-p195/gems/sinatra-1.4.2/lib/sinatra/base.rb:960:in `route_eval'
	/home/user/.rvm/gems/ruby-2.0.0-p195/gems/sinatra-1.4.2/lib/sinatra/base.rb:944:in `block (2 levels) in route!'
	/home/user/.rvm/gems/ruby-2.0.0-p195/gems/sinatra-1.4.2/lib/sinatra/base.rb:981:in `block in process_route'
	/home/user/.rvm/gems/ruby-2.0.0-p195/gems/sinatra-1.4.2/lib/sinatra/base.rb:979:in `catch'
	/home/user/.rvm/gems/ruby-2.0.0-p195/gems/sinatra-1.4.2/lib/sinatra/base.rb:979:in `process_route'
	/home/user/.rvm/gems/ruby-2.0.0-p195/gems/sinatra-1.4.2/lib/sinatra/base.rb:943:in `block in route!'
	/home/user/.rvm/gems/ruby-2.0.0-p195/gems/sinatra-1.4.2/lib/sinatra/base.rb:942:in `each'
	/home/user/.rvm/gems/ruby-2.0.0-p195/gems/sinatra-1.4.2/lib/sinatra/base.rb:942:in `route!'
	/home/user/.rvm/gems/ruby-2.0.0-p195/gems/sinatra-1.4.2/lib/sinatra/base.rb:1053:in `block in dispatch!'
	/home/user/.rvm/gems/ruby-2.0.0-p195/gems/sinatra-1.4.2/lib/sinatra/base.rb:1035:in `block in invoke'
	/home/user/.rvm/gems/ruby-2.0.0-p195/gems/sinatra-1.4.2/lib/sinatra/base.rb:1035:in `catch'
	/home/user/.rvm/gems/ruby-2.0.0-p195/gems/sinatra-1.4.2/lib/sinatra/base.rb:1035:in `invoke'
	/home/user/.rvm/gems/ruby-2.0.0-p195/gems/sinatra-1.4.2/lib/sinatra/base.rb:1050:in `dispatch!'
	/home/user/.rvm/gems/ruby-2.0.0-p195/gems/sinatra-1.4.2/lib/sinatra/base.rb:878:in `block in call!'
	/home/user/.rvm/gems/ruby-2.0.0-p195/gems/sinatra-1.4.2/lib/sinatra/base.rb:1035:in `block in invoke'
	/home/user/.rvm/gems/ruby-2.0.0-p195/gems/sinatra-1.4.2/lib/sinatra/base.rb:1035:in `catch'
	/home/user/.rvm/gems/ruby-2.0.0-p195/gems/sinatra-1.4.2/lib/sinatra/base.rb:1035:in `invoke'
	/home/user/.rvm/gems/ruby-2.0.0-p195/gems/sinatra-1.4.2/lib/sinatra/base.rb:878:in `call!'
	/home/user/.rvm/gems/ruby-2.0.0-p195/gems/sinatra-1.4.2/lib/sinatra/base.rb:864:in `call'
	/home/user/.rvm/gems/ruby-2.0.0-p195/gems/rack-protection-1.5.0/lib/rack/protection/xss_header.rb:18:in `call'
	/home/user/.rvm/gems/ruby-2.0.0-p195/gems/rack-protection-1.5.0/lib/rack/protection/path_traversal.rb:16:in `call'
	/home/user/.rvm/gems/ruby-2.0.0-p195/gems/rack-protection-1.5.0/lib/rack/protection/json_csrf.rb:18:in `call'
	/home/user/.rvm/gems/ruby-2.0.0-p195/gems/rack-protection-1.5.0/lib/rack/protection/base.rb:49:in `call'
	/home/user/.rvm/gems/ruby-2.0.0-p195/gems/rack-protection-1.5.0/lib/rack/protection/base.rb:49:in `call'
	/home/user/.rvm/gems/ruby-2.0.0-p195/gems/rack-protection-1.5.0/lib/rack/protection/frame_options.rb:31:in `call'
	/home/user/.rvm/gems/ruby-2.0.0-p195/gems/rack-1.5.2/lib/rack/logger.rb:15:in `call'
	/home/user/.rvm/gems/ruby-2.0.0-p195/gems/rack-1.5.2/lib/rack/commonlogger.rb:33:in `call'
	/home/user/.rvm/gems/ruby-2.0.0-p195/gems/sinatra-1.4.2/lib/sinatra/base.rb:209:in `call'
	/home/user/.rvm/gems/ruby-2.0.0-p195/gems/sinatra-1.4.2/lib/sinatra/base.rb:202:in `call'
	/home/user/.rvm/gems/ruby-2.0.0-p195/gems/rack-1.5.2/lib/rack/head.rb:11:in `call'
	/home/user/.rvm/gems/ruby-2.0.0-p195/gems/rack-1.5.2/lib/rack/methodoverride.rb:21:in `call'
	/home/user/.rvm/gems/ruby-2.0.0-p195/gems/sinatra-1.4.2/lib/sinatra/base.rb:172:in `call'
	/home/user/.rvm/gems/ruby-2.0.0-p195/gems/sinatra-1.4.2/lib/sinatra/base.rb:1947:in `call'
	/home/user/.rvm/gems/ruby-2.0.0-p195/gems/sinatra-1.4.2/lib/sinatra/base.rb:1610:in `block in call'
	/home/user/.rvm/gems/ruby-2.0.0-p195/gems/sinatra-1.4.2/lib/sinatra/base.rb:1693:in `synchronize'
	/home/user/.rvm/gems/ruby-2.0.0-p195/gems/sinatra-1.4.2/lib/sinatra/base.rb:1610:in `call'
	/home/user/.rvm/gems/ruby-2.0.0-p195/gems/thin-1.5.1/lib/thin/connection.rb:81:in `block in pre_process'
	/home/user/.rvm/gems/ruby-2.0.0-p195/gems/thin-1.5.1/lib/thin/connection.rb:79:in `catch'
	/home/user/.rvm/gems/ruby-2.0.0-p195/gems/thin-1.5.1/lib/thin/connection.rb:79:in `pre_process'
	/home/user/.rvm/gems/ruby-2.0.0-p195/gems/thin-1.5.1/lib/thin/connection.rb:54:in `process'
	/home/user/.rvm/gems/ruby-2.0.0-p195/gems/thin-1.5.1/lib/thin/connection.rb:39:in `receive_data'
	/home/user/.rvm/gems/ruby-2.0.0-p195/gems/eventmachine-1.0.3/lib/eventmachine.rb:187:in `run_machine'
	/home/user/.rvm/gems/ruby-2.0.0-p195/gems/eventmachine-1.0.3/lib/eventmachine.rb:187:in `run'
	/home/user/.rvm/gems/ruby-2.0.0-p195/gems/thin-1.5.1/lib/thin/backends/base.rb:63:in `start'
	/home/user/.rvm/gems/ruby-2.0.0-p195/gems/thin-1.5.1/lib/thin/server.rb:159:in `start'
	/home/user/.rvm/gems/ruby-2.0.0-p195/gems/rack-1.5.2/lib/rack/handler/thin.rb:16:in `run'
	/home/user/rb_stud/glpi_test_app/config/config.ru:4:in `block in <main>'
	/home/user/.rvm/gems/ruby-2.0.0-p195/gems/rack-1.5.2/lib/rack/builder.rb:55:in `instance_eval'
	/home/user/.rvm/gems/ruby-2.0.0-p195/gems/rack-1.5.2/lib/rack/builder.rb:55:in `initialize'
	/home/user/rb_stud/glpi_test_app/config/config.ru:1:in `new'
	/home/user/rb_stud/glpi_test_app/config/config.ru:1:in `<main>'
	/home/user/.rvm/gems/ruby-2.0.0-p195/gems/thin-1.5.1/lib/rack/adapter/loader.rb:33:in `eval'
	/home/user/.rvm/gems/ruby-2.0.0-p195/gems/thin-1.5.1/lib/rack/adapter/loader.rb:33:in `load'
	/home/user/.rvm/gems/ruby-2.0.0-p195/gems/thin-1.5.1/lib/thin/controllers/controller.rb:181:in `load_rackup_config'
	/home/user/.rvm/gems/ruby-2.0.0-p195/gems/thin-1.5.1/lib/thin/controllers/controller.rb:71:in `start'
	/home/user/.rvm/gems/ruby-2.0.0-p195/gems/thin-1.5.1/lib/thin/runner.rb:187:in `run_command'
	/home/user/.rvm/gems/ruby-2.0.0-p195/gems/thin-1.5.1/lib/thin/runner.rb:152:in `run!'
	/home/user/.rvm/gems/ruby-2.0.0-p195/gems/thin-1.5.1/bin/thin:6:in `<top (required)>'
	/home/user/.rvm/gems/ruby-2.0.0-p195/bin/thin:23:in `load'
	/home/user/.rvm/gems/ruby-2.0.0-p195/bin/thin:23:in `<main>'
	/home/user/.rvm/gems/ruby-2.0.0-p195/bin/ruby_noexec_wrapper:14:in `eval'
	/home/user/.rvm/gems/ruby-2.0.0-p195/bin/ruby_noexec_wrapper:14:in `<main>'
192.168.122.1 - - [14/Jun/2013 12:28:47] "GET / HTTP/1.1" 500 30 0.0046
>> Exiting!
/home/user/.rvm/gems/ruby-2.0.0-p195/gems/rack-1.5.2/lib/rack/builder.rb:133:in `to_app': missing run or map statement (RuntimeError)
	from /home/user/rb_stud/glpi_test_app/config/config.ru:5:in `<main>'
	from /home/user/.rvm/gems/ruby-2.0.0-p195/gems/thin-1.5.1/lib/rack/adapter/loader.rb:33:in `eval'
	from /home/user/.rvm/gems/ruby-2.0.0-p195/gems/thin-1.5.1/lib/rack/adapter/loader.rb:33:in `load'
	from /home/user/.rvm/gems/ruby-2.0.0-p195/gems/thin-1.5.1/lib/thin/controllers/controller.rb:181:in `load_rackup_config'
	from /home/user/.rvm/gems/ruby-2.0.0-p195/gems/thin-1.5.1/lib/thin/controllers/controller.rb:71:in `start'
	from /home/user/.rvm/gems/ruby-2.0.0-p195/gems/thin-1.5.1/lib/thin/runner.rb:187:in `run_command'
	from /home/user/.rvm/gems/ruby-2.0.0-p195/gems/thin-1.5.1/lib/thin/runner.rb:152:in `run!'
	from /home/user/.rvm/gems/ruby-2.0.0-p195/gems/thin-1.5.1/bin/thin:6:in `<top (required)>'
	from /home/user/.rvm/gems/ruby-2.0.0-p195/bin/thin:23:in `load'
	from /home/user/.rvm/gems/ruby-2.0.0-p195/bin/thin:23:in `<main>'
	from /home/user/.rvm/gems/ruby-2.0.0-p195/bin/ruby_noexec_wrapper:14:in `eval'
	from /home/user/.rvm/gems/ruby-2.0.0-p195/bin/ruby_noexec_wrapper:14:in `<main>'
>> Writing PID to /home/user/rb_stud/glpi_test_app/tmp/thin.pid
>> Exiting!
/home/user/.rvm/rubies/ruby-2.0.0-p195/lib/ruby/site_ruby/2.0.0/rubygems/core_ext/kernel_require.rb:45:in `require': cannot load such file -- test.rb (LoadError)
	from /home/user/.rvm/rubies/ruby-2.0.0-p195/lib/ruby/site_ruby/2.0.0/rubygems/core_ext/kernel_require.rb:45:in `require'
	from /home/user/rb_stud/glpi_test_app/config/config.ru:1:in `block in <main>'
	from /home/user/.rvm/gems/ruby-2.0.0-p195/gems/rack-1.5.2/lib/rack/builder.rb:55:in `instance_eval'
	from /home/user/.rvm/gems/ruby-2.0.0-p195/gems/rack-1.5.2/lib/rack/builder.rb:55:in `initialize'
	from /home/user/rb_stud/glpi_test_app/config/config.ru:1:in `new'
	from /home/user/rb_stud/glpi_test_app/config/config.ru:1:in `<main>'
	from /home/user/.rvm/gems/ruby-2.0.0-p195/gems/thin-1.5.1/lib/rack/adapter/loader.rb:33:in `eval'
	from /home/user/.rvm/gems/ruby-2.0.0-p195/gems/thin-1.5.1/lib/rack/adapter/loader.rb:33:in `load'
	from /home/user/.rvm/gems/ruby-2.0.0-p195/gems/thin-1.5.1/lib/thin/controllers/controller.rb:181:in `load_rackup_config'
	from /home/user/.rvm/gems/ruby-2.0.0-p195/gems/thin-1.5.1/lib/thin/controllers/controller.rb:71:in `start'
	from /home/user/.rvm/gems/ruby-2.0.0-p195/gems/thin-1.5.1/lib/thin/runner.rb:187:in `run_command'
	from /home/user/.rvm/gems/ruby-2.0.0-p195/gems/thin-1.5.1/lib/thin/runner.rb:152:in `run!'
	from /home/user/.rvm/gems/ruby-2.0.0-p195/gems/thin-1.5.1/bin/thin:6:in `<top (required)>'
	from /home/user/.rvm/gems/ruby-2.0.0-p195/bin/thin:23:in `load'
	from /home/user/.rvm/gems/ruby-2.0.0-p195/bin/thin:23:in `<main>'
	from /home/user/.rvm/gems/ruby-2.0.0-p195/bin/ruby_noexec_wrapper:14:in `eval'
	from /home/user/.rvm/gems/ruby-2.0.0-p195/bin/ruby_noexec_wrapper:14:in `<main>'
>> Writing PID to /home/user/rb_stud/glpi_test_app/tmp/thin.pid
>> Thin web server (v1.5.1 codename Straight Razor)
>> Maximum connections set to 1024
>> Listening on 0.0.0.0:8080, CTRL+C to stop
192.168.122.1 - - [14/Jun/2013 12:35:11] "GET / HTTP/1.1" 200 85824 11.6264
192.168.122.1 - - [14/Jun/2013 12:35:11] "GET /stylesheets/style.css HTTP/1.1" 200 - 0.0033
192.168.122.1 - - [14/Jun/2013 12:35:11] "GET /images/favicon.ico HTTP/1.1" 200 - 0.0008
192.168.122.1 - - [14/Jun/2013 14:20:40] "GET / HTTP/1.1" 200 85824 11.6145
192.168.122.1 - - [14/Jun/2013 14:20:40] "GET /stylesheets/style.css HTTP/1.1" 304 - 0.0007
192.168.122.1 - - [14/Jun/2013 15:19:41] "GET / HTTP/1.1" 200 85824 15.8173
192.168.122.233 - - [14/Jun/2013 15:27:12] "GET / HTTP/1.1" 200 85824 11.8519
192.168.122.233 - - [14/Jun/2013 15:27:12] "GET /stylesheets/style.css HTTP/1.1" 200 - 0.0007
192.168.122.233 - - [14/Jun/2013 15:27:12] "GET /images/favicon.ico HTTP/1.1" 200 - 0.0132
192.168.122.233 - - [14/Jun/2013 15:31:29] "GET / HTTP/1.1" 200 85824 11.5301
192.168.122.233 - - [14/Jun/2013 15:31:41] "GET / HTTP/1.1" 200 85824 11.4336
192.168.122.233 - - [14/Jun/2013 15:31:41] "GET /stylesheets/style.css HTTP/1.1" 200 - 0.0007
192.168.122.233 - - [14/Jun/2013 15:31:41] "GET /images/favicon.ico HTTP/1.1" 200 - 0.0220
192.168.122.233 - - [14/Jun/2013 15:32:57] "GET /db_price HTTP/1.1" 200 15291 0.0203
192.168.122.233 - - [14/Jun/2013 15:37:11] "GET / HTTP/1.1" 200 85824 12.3487
192.168.122.233 - - [14/Jun/2013 15:37:11] "GET /stylesheets/style.css HTTP/1.1" 200 - 0.0007
192.168.122.233 - - [14/Jun/2013 15:37:12] "GET /favicon.ico HTTP/1.1" 404 18 0.0140
192.168.122.233 - - [14/Jun/2013 15:41:48] "GET / HTTP/1.1" 200 85824 11.1596
192.168.122.233 - - [14/Jun/2013 15:41:49] "GET /stylesheets/style.css HTTP/1.1" 200 - 0.0009
192.168.122.233 - - [14/Jun/2013 15:41:49] "GET /images/favicon.ico HTTP/1.1" 200 - 0.0007
192.168.122.233 - - [14/Jun/2013 15:59:02] "GET /db_price HTTP/1.1" 200 15291 0.0195
192.168.122.233 - - [14/Jun/2013 15:59:03] "GET /stylesheets/style.css HTTP/1.1" 304 - 0.0006
192.168.122.233 - - [14/Jun/2013 15:59:15] "GET /db_price HTTP/1.1" 200 15291 0.0183
>> Writing PID to /home/user/rb_stud/glpi_test_app/tmp/thin.pid
>> Thin web server (v1.5.1 codename Straight Razor)
>> Maximum connections set to 1024
>> Listening on 0.0.0.0:8080, CTRL+C to stop
192.168.122.1 - - [17/Jun/2013 11:27:26] "GET / HTTP/1.1" 200 85824 11.4498
192.168.122.1 - - [17/Jun/2013 11:27:27] "GET /stylesheets/style.css HTTP/1.1" 200 - 0.0581
192.168.122.1 - - [17/Jun/2013 11:27:27] "GET /images/favicon.ico HTTP/1.1" 200 - 0.0016
192.168.122.233 - - [17/Jun/2013 11:52:18] "GET / HTTP/1.1" 200 85824 11.0867
192.168.122.233 - - [17/Jun/2013 11:52:18] "GET /stylesheets/style.css HTTP/1.1" 200 - 0.0012
192.168.122.233 - - [17/Jun/2013 11:52:18] "GET /images/favicon.ico HTTP/1.1" 200 - 0.0006
192.168.122.233 - - [17/Jun/2013 11:53:06] "GET / HTTP/1.1" 200 85824 10.9770
192.168.122.233 - - [17/Jun/2013 11:53:06] "GET /stylesheets/style.css HTTP/1.1" 200 - 0.0022
192.168.122.233 - - [17/Jun/2013 11:53:06] "GET /images/favicon.ico HTTP/1.1" 200 - 0.0006
192.168.122.1 - - [18/Jun/2013 14:16:37] "POST /new HTTP/1.1" 200 1947 0.1658
192.168.122.1 - - [18/Jun/2013 14:16:37] "GET /stylesheets/style.css HTTP/1.1" 200 - 0.0007
192.168.122.1 - - [18/Jun/2013 14:16:58] "POST /new HTTP/1.1" 200 85828 12.2398
192.168.122.1 - - [18/Jun/2013 17:43:16] "POST /new HTTP/1.1" 200 1490 0.0598
192.168.122.1 - - [18/Jun/2013 17:43:33] "POST /new HTTP/1.1" 200 85832 11.2032
192.168.122.233 - - [19/Jun/2013 17:54:14] "GET /project-trial/vishnuvalentino/pics/blog/socialimg/rss.png HTTP/1.1" 404 18 0.4635
192.168.122.233 - - [19/Jun/2013 17:54:14] "GET /project-trial/vishnuvalentino/pics/blog/socialimg/google.png HTTP/1.1" 404 18 0.1743
192.168.122.233 - - [19/Jun/2013 17:54:15] "GET /project-trial/vishnuvalentino/pics/blog/socialimg/twitter.png HTTP/1.1" 404 18 0.0090
192.168.122.233 - - [19/Jun/2013 17:54:15] "GET /project-trial/vishnuvalentino/pics/blog/socialimg/facebook.png HTTP/1.1" 404 18 0.0211
>> Writing PID to ./tmp/thin.pid
>> Thin web server (v1.5.1 codename Straight Razor)
>> Maximum connections set to 1024
>> Listening on 0.0.0.0:8080, CTRL+C to stop
192.168.0.200 - - [20/Jun/2013 17:36:58] "GET / HTTP/1.1" 200 76582 9.9912
192.168.0.200 - - [20/Jun/2013 17:36:58] "GET /stylesheets/style.css HTTP/1.1" 200 - 0.0022
192.168.0.200 - - [20/Jun/2013 17:36:59] "GET /images/favicon.ico HTTP/1.1" 200 - 0.0007
192.168.0.200 - - [20/Jun/2013 17:37:23] "GET /new HTTP/1.1" 200 85084 9.2252
192.168.0.200 - - [20/Jun/2013 17:38:01] "GET /db_price HTTP/1.1" 200 15291 0.0164
192.168.0.200 - - [20/Jun/2013 17:38:01] "GET /stylesheets/style.css HTTP/1.1" 304 - 0.0006
>> Exiting!
/home/koryakin/.rvm/gems/ruby-1.9.3-p429/gems/rack-1.5.2/lib/rack/builder.rb:133:in `to_app': missing run or map statement (RuntimeError)
	from ./config/config.ru:1:in `<main>'
	from /home/koryakin/.rvm/gems/ruby-1.9.3-p429/gems/thin-1.5.1/lib/rack/adapter/loader.rb:33:in `eval'
	from /home/koryakin/.rvm/gems/ruby-1.9.3-p429/gems/thin-1.5.1/lib/rack/adapter/loader.rb:33:in `load'
	from /home/koryakin/.rvm/gems/ruby-1.9.3-p429/gems/thin-1.5.1/lib/thin/controllers/controller.rb:181:in `load_rackup_config'
	from /home/koryakin/.rvm/gems/ruby-1.9.3-p429/gems/thin-1.5.1/lib/thin/controllers/controller.rb:71:in `start'
	from /home/koryakin/.rvm/gems/ruby-1.9.3-p429/gems/thin-1.5.1/lib/thin/runner.rb:187:in `run_command'
	from /home/koryakin/.rvm/gems/ruby-1.9.3-p429/gems/thin-1.5.1/lib/thin/runner.rb:152:in `run!'
	from /home/koryakin/.rvm/gems/ruby-1.9.3-p429/gems/thin-1.5.1/bin/thin:6:in `<top (required)>'
	from /home/koryakin/.rvm/gems/ruby-1.9.3-p429/bin/thin:19:in `load'
	from /home/koryakin/.rvm/gems/ruby-1.9.3-p429/bin/thin:19:in `<main>'
	from /home/koryakin/.rvm/gems/ruby-1.9.3-p429/bin/ruby_noexec_wrapper:14:in `eval'
	from /home/koryakin/.rvm/gems/ruby-1.9.3-p429/bin/ruby_noexec_wrapper:14:in `<main>'
>> Writing PID to ./tmp/thin.pid
>> Thin web server (v1.5.1 codename Straight Razor)
>> Maximum connections set to 1024
>> Listening on 0.0.0.0:8080, CTRL+C to stop
192.168.0.200 - - [20/Jun/2013 17:39:53] "GET / HTTP/1.1" 200 85084 9.3120
192.168.0.200 - - [20/Jun/2013 17:40:03] "GET /new HTTP/1.1" 200 76582 10.4949
192.168.0.200 - - [20/Jun/2013 17:40:03] "GET /stylesheets/style.css HTTP/1.1" 304 - 0.0031
>> Writing PID to ./tmp/thin.pid
>> Thin web server (v1.5.1 codename Straight Razor)
>> Maximum connections set to 1024
>> Listening on 0.0.0.0:8080, CTRL+C to stop
192.168.0.200 - - [03/Jul/2013 10:57:32] "GET / HTTP/1.1" 200 86973 9.2737
192.168.0.200 - - [03/Jul/2013 10:57:32] "GET /stylesheets/style.css HTTP/1.1" 200 - 0.0379
192.168.0.200 - - [03/Jul/2013 10:57:32] "GET /images/favicon.ico HTTP/1.1" 200 - 0.0156
192.168.0.200 - - [03/Jul/2013 11:03:49] "GET / HTTP/1.1" 200 87035 8.9123
192.168.0.200 - - [03/Jul/2013 11:03:50] "GET /stylesheets/style.css HTTP/1.1" 304 - 0.0008
192.168.10.14 - - [03/Jul/2013 11:05:35] "GET / HTTP/1.1" 200 87035 9.1474
192.168.10.14 - - [03/Jul/2013 11:05:35] "GET /stylesheets/style.css HTTP/1.1" 200 - 0.0006
192.168.10.14 - - [03/Jul/2013 11:05:36] "GET /images/favicon.ico HTTP/1.1" 200 - 0.0006
192.168.0.200 - - [03/Jul/2013 14:48:34] "GET / HTTP/1.1" 200 87035 11.5846
192.168.10.14 - - [03/Jul/2013 17:28:52] "GET / HTTP/1.1" 200 87035 10.4086
192.168.10.14 - - [03/Jul/2013 17:30:37] "GET / HTTP/1.1" 200 87035 9.9975
!! Invalid request
!! Invalid request
192.168.0.200 - - [05/Jul/2013 11:57:00] "GET / HTTP/1.1" 200 85945 11.4522
192.168.0.200 - - [05/Jul/2013 11:57:01] "GET /stylesheets/style.css HTTP/1.1" 304 - 0.0178
192.168.0.200 - - [05/Jul/2013 11:57:39] "POST /new HTTP/1.1" 200 1601 0.0968
192.168.0.200 - - [05/Jul/2013 11:57:56] "POST /new HTTP/1.1" 200 85929 10.4653
192.168.0.200 - - [05/Jul/2013 11:58:43] "POST /new HTTP/1.1" 200 1194 0.0064
192.168.0.200 - - [05/Jul/2013 11:58:56] "POST /new HTTP/1.1" 200 1545 0.0507
192.168.0.200 - - [05/Jul/2013 11:59:12] "GET /db_price HTTP/1.1" 200 15288 0.0298
192.168.0.200 - - [05/Jul/2013 11:59:27] "POST /db_update HTTP/1.1" 303 - 0.1348
192.168.0.200 - - [05/Jul/2013 11:59:27] "GET /db_price HTTP/1.1" 200 15433 0.0219
192.168.0.200 - - [05/Jul/2013 11:59:39] "GET / HTTP/1.1" 200 86290 10.1954
192.168.0.200 - - [05/Jul/2013 12:11:28] "POST /new HTTP/1.1" 200 1194 0.0106
192.168.0.200 - - [05/Jul/2013 12:11:33] "POST /new HTTP/1.1" 200 1984 0.1008
192.168.0.200 - - [08/Jul/2013 13:33:10] "GET / HTTP/1.1" 200 86591 10.4382
192.168.0.200 - - [08/Jul/2013 13:33:11] "GET /stylesheets/style.css HTTP/1.1" 304 - 0.0005
192.168.0.200 - - [08/Jul/2013 13:34:06] "GET / HTTP/1.1" 200 86624 10.6072
192.168.0.200 - - [08/Jul/2013 13:34:06] "GET /stylesheets/style.css HTTP/1.1" 304 - 0.0007
192.168.0.200 - - [10/Jul/2013 12:51:48] "GET / HTTP/1.1" 200 87414 9.9510
192.168.0.200 - - [10/Jul/2013 12:51:48] "GET /stylesheets/style.css HTTP/1.1" 304 - 0.0008
192.168.0.200 - - [10/Jul/2013 12:51:48] "GET /images/favicon.ico HTTP/1.1" 304 - 0.0006
192.168.10.14 - - [10/Jul/2013 13:15:33] "GET / HTTP/1.1" 200 87414 9.4501
192.168.10.14 - - [10/Jul/2013 13:15:33] "GET /stylesheets/style.css HTTP/1.1" 200 - 0.0007
192.168.10.14 - - [10/Jul/2013 13:15:33] "GET /images/favicon.ico HTTP/1.1" 200 - 0.0237
>> Writing PID to ./tmp/thin.pid
>> Thin web server (v1.5.1 codename Straight Razor)
>> Maximum connections set to 1024
>> Listening on 0.0.0.0:8080, CTRL+C to stop
192.168.0.200 - - [11/Jul/2013 14:22:27] "GET / HTTP/1.1" 200 87829 9.4447
192.168.0.200 - - [11/Jul/2013 14:22:27] "GET /stylesheets/style.css HTTP/1.1" 200 - 0.0151
192.168.0.200 - - [11/Jul/2013 14:22:28] "GET /images/favicon.ico HTTP/1.1" 200 - 0.0188
192.168.0.200 - - [11/Jul/2013 14:23:58] "GET / HTTP/1.1" 200 87773 9.6309
192.168.0.200 - - [11/Jul/2013 14:23:58] "GET /stylesheets/style.css HTTP/1.1" 304 - 0.0007
>> Exiting!
/home/koryakin/.rvm/gems/ruby-2.0.0-p247/gems/rack-1.5.2/lib/rack/builder.rb:133:in `to_app': missing run or map statement (RuntimeError)
	from ./config/config.ru:6:in `<main>'
	from /home/koryakin/.rvm/gems/ruby-2.0.0-p247/gems/thin-1.5.1/lib/rack/adapter/loader.rb:33:in `eval'
	from /home/koryakin/.rvm/gems/ruby-2.0.0-p247/gems/thin-1.5.1/lib/rack/adapter/loader.rb:33:in `load'
	from /home/koryakin/.rvm/gems/ruby-2.0.0-p247/gems/thin-1.5.1/lib/thin/controllers/controller.rb:181:in `load_rackup_config'
	from /home/koryakin/.rvm/gems/ruby-2.0.0-p247/gems/thin-1.5.1/lib/thin/controllers/controller.rb:71:in `start'
	from /home/koryakin/.rvm/gems/ruby-2.0.0-p247/gems/thin-1.5.1/lib/thin/runner.rb:187:in `run_command'
	from /home/koryakin/.rvm/gems/ruby-2.0.0-p247/gems/thin-1.5.1/lib/thin/runner.rb:152:in `run!'
	from /home/koryakin/.rvm/gems/ruby-2.0.0-p247/gems/thin-1.5.1/bin/thin:6:in `<top (required)>'
	from /home/koryakin/.rvm/gems/ruby-2.0.0-p247/bin/thin:23:in `load'
	from /home/koryakin/.rvm/gems/ruby-2.0.0-p247/bin/thin:23:in `<main>'
	from /home/koryakin/.rvm/gems/ruby-2.0.0-p247/bin/ruby_noexec_wrapper:14:in `eval'
	from /home/koryakin/.rvm/gems/ruby-2.0.0-p247/bin/ruby_noexec_wrapper:14:in `<main>'
>> Writing PID to ./tmp/thin.pid
>> Thin web server (v1.5.1 codename Straight Razor)
>> Maximum connections set to 1024
>> Listening on 0.0.0.0:8080, CTRL+C to stop
192.168.0.200 - - [12/Jul/2013 10:35:52] "GET / HTTP/1.1" 200 87773 10.2120
192.168.0.200 - - [12/Jul/2013 10:35:53] "GET /stylesheets/style.css HTTP/1.1" 200 - 0.0163
192.168.0.200 - - [12/Jul/2013 10:35:53] "GET /images/favicon.ico HTTP/1.1" 200 - 0.0285
192.168.10.14 - - [16/Jul/2013 15:20:30] "GET / HTTP/1.1" 200 87779 9.5984
192.168.10.14 - - [16/Jul/2013 15:20:30] "GET /stylesheets/style.css HTTP/1.1" 200 - 0.0182
192.168.10.14 - - [16/Jul/2013 15:20:31] "GET /images/favicon.ico HTTP/1.1" 200 - 0.0097
192.168.10.2 - - [16/Jul/2013 15:21:18] "GET / HTTP/1.1" 200 87779 8.9386
192.168.10.2 - - [16/Jul/2013 15:21:18] "GET /stylesheets/style.css HTTP/1.1" 200 - 0.0005
192.168.10.2 - - [16/Jul/2013 15:21:18] "GET /images/favicon.ico HTTP/1.1" 200 - 0.0007
192.168.0.200 - - [19/Jul/2013 09:36:52] "GET / HTTP/1.1" 200 88061 10.7705
192.168.0.200 - - [19/Jul/2013 09:36:53] "GET /stylesheets/style.css HTTP/1.1" 200 - 0.0216
192.168.0.200 - - [19/Jul/2013 09:36:53] "GET /images/favicon.ico HTTP/1.1" 200 - 0.0104
192.168.0.200 - - [19/Jul/2013 09:40:01] "GET / HTTP/1.1" 200 87721 9.1700
192.168.0.200 - - [19/Jul/2013 09:40:01] "GET /stylesheets/style.css HTTP/1.1" 304 - 0.0005
192.168.0.200 - - [19/Jul/2013 09:41:07] "GET / HTTP/1.1" 200 87363 9.1109
192.168.0.200 - - [19/Jul/2013 09:41:07] "GET /stylesheets/style.css HTTP/1.1" 304 - 0.0007
192.168.0.200 - - [19/Jul/2013 09:42:23] "GET / HTTP/1.1" 200 86654 9.1551
192.168.0.200 - - [19/Jul/2013 09:42:23] "GET /stylesheets/style.css HTTP/1.1" 304 - 0.0005
192.168.0.200 - - [23/Jul/2013 11:12:31] "GET / HTTP/1.1" 200 86320 10.0651
192.168.0.200 - - [23/Jul/2013 11:12:31] "GET /stylesheets/style.css HTTP/1.1" 304 - 0.0482
192.168.0.200 - - [23/Jul/2013 11:15:57] "GET / HTTP/1.1" 200 86297 8.8835
192.168.0.200 - - [23/Jul/2013 11:15:57] "GET /stylesheets/style.css HTTP/1.1" 304 - 0.0007
192.168.0.200 - - [26/Jul/2013 09:48:04] "GET / HTTP/1.1" 200 86297 9.1049
192.168.0.200 - - [26/Jul/2013 09:48:04] "GET /stylesheets/style.css HTTP/1.1" 200 - 0.0632
192.168.0.200 - - [26/Jul/2013 09:48:04] "GET /images/favicon.ico HTTP/1.1" 200 - 0.0105
